<?xml version="1.0" encoding="UTF-8"?>
<!-- Generated by org.testng.reporters.JUnitXMLReporter -->
<testsuite ignored="0" hostname="LAPTOP-GFH3K3RD" failures="0" tests="4" name="OpencartTest" time="16.382" errors="0" timestamp="2024-01-15T19:24:42 IST">
  <testcase classname="testCases.TC_001_AccountRegistrationTest" name="test_account_Registration" time="1.706"/>
  <testcase classname="testCases.TC_002_LoginTest" name="test_login" time="1.448"/>
  <testcase classname="testCases.TC_004_SearchProductTest" name="test_pruductSearch" time="1.649"/>
  <testcase classname="testCases.TC_005_AddToCartPageTest" name="test_addToCart" time="2.362"/>
</testsuite> <!-- OpencartTest -->
